<?xml version="1.0" encoding="UTF-8"?><testsuite errors="0" failures="0" name="vn.amabuy.features.search.SearchByKeywordStory" skipped="2" tests="3" time="23.2" timestamp="2019-09-12 11:24:02"><testcase classname="vn.amabuy.features.search.SearchByKeywordStory" name="Searching by keyword banana should display the corresponding article"><skipped/></testcase><testcase classname="vn.amabuy.features.search.SearchByKeywordStory" name="Searching by ambiguious keyword should display the disambiguation page"><skipped/></testcase><testcase classname="vn.amabuy.features.search.SearchByKeywordStory" name="Searching by keyword apple should display the corresponding article"/></testsuite>